<?xml version="1.0" encoding="UTF-8"?>
<testsuite xmlns:xsi="http://www.w3.org/2001/XMLSchema-instance" xsi:noNamespaceSchemaLocation="https://maven.apache.org/surefire/maven-surefire-plugin/xsd/surefire-test-report.xsd" name="TestSuite" time="159.052" tests="2" errors="0" skipped="0" failures="0">
  <properties>
[...]
</properties>
  <testcase name="personalDataformFilling" classname="testing.registerStepFirstPersonalTest" time="1.408"/>
  <testcase name="fullPageScreenShot" classname="testing.indexTest" time="0.255"/>
</testsuite>