<?xml version="1.0" encoding="UTF-8"?>
<testng-results skipped="0" failed="0" ignored="0" total="2" passed="2">
  <reporter-output>
  </reporter-output>
  <suite name="Surefire suite" duration-ms="158062" started-at="2018-09-03T06:42:09Z" finished-at="2018-09-03T06:44:47Z">
    <groups>
    </groups>
    <test name="Surefire test" duration-ms="158062" started-at="2018-09-03T06:42:09Z" finished-at="2018-09-03T06:44:47Z">
      <class name="testing.indexTest">
        <test-method status="PASS" signature="fullPageScreenShot()[pri:1, instance:testing.indexTest@4590c9c3]" name="fullPageScreenShot" duration-ms="256" started-at="2018-09-03T12:14:47Z" finished-at="2018-09-03T12:14:47Z">
          <reporter-output>
          </reporter-output>
        </test-method> <!-- fullPageScreenShot -->
      </class> <!-- testing.indexTest -->
      <class name="testing.registerStepFirstPersonalTest">
        <test-method status="PASS" signature="personalDataformFilling(java.lang.String, java.lang.String, java.lang.String, java.lang.String, java.lang.String, java.lang.String, java.lang.String)[pri:0, instance:testing.registerStepFirstPersonalTest@32e6e9c3]" name="personalDataformFilling" duration-ms="1406" started-at="2018-09-03T12:14:45Z" data-provider="getData" finished-at="2018-09-03T12:14:47Z">
          <params>
            <param index="0">
              <value>
                <![CDATA[Sagar]]>
              </value>
            </param>
            <param index="1">
              <value>
                <![CDATA[sagar08913kumahgasdgr@gmail.com]]>
              </value>
            </param>
            <param index="2">
              <value>
                <![CDATA[Sagar123]]>
              </value>
            </param>
            <param index="3">
              <value>
                <![CDATA[8.427069193E9]]>
              </value>
            </param>
            <param index="4">
              <value>
                <![CDATA[2.0]]>
              </value>
            </param>
            <param index="5">
              <value>
                <![CDATA[9.0]]>
              </value>
            </param>
            <param index="6">
              <value>
                <![CDATA[C:\\Users\\Administrator\\Desktop\\Resume.docx]]>
              </value>
            </param>
          </params>
          <reporter-output>
          </reporter-output>
        </test-method> <!-- personalDataformFilling -->
      </class> <!-- testing.registerStepFirstPersonalTest -->
      <class name="testing.createAccountTest">
        <test-method status="PASS" signature="Initialization()[pri:0, instance:testing.createAccountTest@b97c004]" name="Initialization" is-config="true" duration-ms="24671" started-at="2018-09-03T12:12:09Z" finished-at="2018-09-03T12:12:33Z">
          <reporter-output>
          </reporter-output>
        </test-method> <!-- Initialization -->
        <test-method status="PASS" signature="loadUrl()[pri:0, instance:testing.indexTest@4590c9c3]" name="loadUrl" is-config="true" duration-ms="72856" started-at="2018-09-03T12:12:33Z" finished-at="2018-09-03T12:13:46Z">
          <reporter-output>
          </reporter-output>
        </test-method> <!-- loadUrl -->
        <test-method status="PASS" signature="setUp()[pri:0, instance:testing.registerStepFirstPersonalTest@32e6e9c3]" name="setUp" is-config="true" duration-ms="50756" started-at="2018-09-03T12:13:46Z" finished-at="2018-09-03T12:14:37Z">
          <reporter-output>
          </reporter-output>
        </test-method> <!-- setUp -->
      </class> <!-- testing.createAccountTest -->
    </test> <!-- Surefire test -->
  </suite> <!-- Surefire suite -->
</testng-results>
